<?xml version="1.0" encoding="UTF-8"?>
<coverage generated="1553643509937" clover="3.2.0">
  <project timestamp="1553643509937" name="All files">
    <metrics statements="15" coveredstatements="14" conditionals="20" coveredconditionals="17" methods="4" coveredmethods="4" elements="39" coveredelements="35" complexity="0" loc="15" ncloc="15" packages="1" files="1" classes="1"/>
    <file name="index.js" path="/home/aleksandr/WorkFolder/gendiff/src/index.js">
      <metrics statements="15" coveredstatements="14" conditionals="20" coveredconditionals="17" methods="4" coveredmethods="4"/>
      <line num="5" count="2" type="stmt"/>
      <line num="7" count="1" type="stmt"/>
      <line num="8" count="1" type="stmt"/>
      <line num="9" count="1" type="stmt"/>
      <line num="10" count="1" type="stmt"/>
      <line num="11" count="1" type="stmt"/>
      <line num="12" count="1" type="cond" truecount="0" falsecount="2"/>
      <line num="13" count="1" type="stmt"/>
      <line num="14" count="1" type="stmt"/>
      <line num="15" count="5" type="cond" truecount="5" falsecount="0"/>
      <line num="16" count="4" type="cond" truecount="5" falsecount="0"/>
      <line num="17" count="3" type="cond" truecount="4" falsecount="0"/>
      <line num="18" count="1" type="cond" truecount="3" falsecount="1"/>
      <line num="19" count="0" type="stmt"/>
      <line num="22" count="1" type="stmt"/>
    </file>
  </project>
</coverage>
