{"/home/aleksandr/WorkFolder/gendiff/src/index.js": {"path":"/home/aleksandr/WorkFolder/gendiff/src/index.js","statementMap":{"0":{"start":{"line":5,"column":19},"end":{"line":5,"column":94}},"1":{"start":{"line":5,"column":31},"end":{"line":5,"column":94}},"2":{"start":{"line":7,"column":16},"end":{"line":23,"column":1}},"3":{"start":{"line":8,"column":23},"end":{"line":8,"column":46}},"4":{"start":{"line":9,"column":23},"end":{"line":9,"column":46}},"5":{"start":{"line":10,"column":20},"end":{"line":10,"column":44}},"6":{"start":{"line":11,"column":20},"end":{"line":11,"column":44}},"7":{"start":{"line":12,"column":17},"end":{"line":21,"column":3}},"8":{"start":{"line":13,"column":21},"end":{"line":13,"column":68}},"9":{"start":{"line":14,"column":4},"end":{"line":20,"column":14}},"10":{"start":{"line":15,"column":6},"end":{"line":15,"column":124}},"11":{"start":{"line":15,"column":81},"end":{"line":15,"column":124}},"12":{"start":{"line":16,"column":6},"end":{"line":16,"column":151}},"13":{"start":{"line":16,"column":81},"end":{"line":16,"column":151}},"14":{"start":{"line":17,"column":6},"end":{"line":17,"column":94}},"15":{"start":{"line":17,"column":51},"end":{"line":17,"column":94}},"16":{"start":{"line":18,"column":6},"end":{"line":18,"column":94}},"17":{"start":{"line":18,"column":51},"end":{"line":18,"column":94}},"18":{"start":{"line":19,"column":6},"end":{"line":19,"column":17}},"19":{"start":{"line":22,"column":2},"end":{"line":22,"column":38}}},"fnMap":{"0":{"name":"(anonymous_0)","decl":{"start":{"line":5,"column":19},"end":{"line":5,"column":20}},"loc":{"start":{"line":5,"column":31},"end":{"line":5,"column":94}},"line":5},"1":{"name":"(anonymous_1)","decl":{"start":{"line":7,"column":16},"end":{"line":7,"column":17}},"loc":{"start":{"line":7,"column":46},"end":{"line":23,"column":1}},"line":7},"2":{"name":"(anonymous_2)","decl":{"start":{"line":12,"column":17},"end":{"line":12,"column":18}},"loc":{"start":{"line":12,"column":45},"end":{"line":21,"column":3}},"line":12},"3":{"name":"(anonymous_3)","decl":{"start":{"line":14,"column":33},"end":{"line":14,"column":34}},"loc":{"start":{"line":14,"column":47},"end":{"line":20,"column":5}},"line":14}},"branchMap":{"0":{"loc":{"start":{"line":12,"column":18},"end":{"line":12,"column":28}},"type":"default-arg","locations":[{"start":{"line":12,"column":26},"end":{"line":12,"column":28}}],"line":12},"1":{"loc":{"start":{"line":12,"column":30},"end":{"line":12,"column":40}},"type":"default-arg","locations":[{"start":{"line":12,"column":38},"end":{"line":12,"column":40}}],"line":12},"2":{"loc":{"start":{"line":15,"column":6},"end":{"line":15,"column":124}},"type":"if","locations":[{"start":{"line":15,"column":6},"end":{"line":15,"column":124}},{"start":{"line":15,"column":6},"end":{"line":15,"column":124}}],"line":15},"3":{"loc":{"start":{"line":15,"column":10},"end":{"line":15,"column":79}},"type":"binary-expr","locations":[{"start":{"line":15,"column":10},"end":{"line":15,"column":27}},{"start":{"line":15,"column":31},"end":{"line":15,"column":48}},{"start":{"line":15,"column":53},"end":{"line":15,"column":78}}],"line":15},"4":{"loc":{"start":{"line":16,"column":6},"end":{"line":16,"column":151}},"type":"if","locations":[{"start":{"line":16,"column":6},"end":{"line":16,"column":151}},{"start":{"line":16,"column":6},"end":{"line":16,"column":151}}],"line":16},"5":{"loc":{"start":{"line":16,"column":10},"end":{"line":16,"column":79}},"type":"binary-expr","locations":[{"start":{"line":16,"column":10},"end":{"line":16,"column":27}},{"start":{"line":16,"column":31},"end":{"line":16,"column":48}},{"start":{"line":16,"column":53},"end":{"line":16,"column":78}}],"line":16},"6":{"loc":{"start":{"line":17,"column":6},"end":{"line":17,"column":94}},"type":"if","locations":[{"start":{"line":17,"column":6},"end":{"line":17,"column":94}},{"start":{"line":17,"column":6},"end":{"line":17,"column":94}}],"line":17},"7":{"loc":{"start":{"line":17,"column":10},"end":{"line":17,"column":49}},"type":"binary-expr","locations":[{"start":{"line":17,"column":10},"end":{"line":17,"column":27}},{"start":{"line":17,"column":31},"end":{"line":17,"column":49}}],"line":17},"8":{"loc":{"start":{"line":18,"column":6},"end":{"line":18,"column":94}},"type":"if","locations":[{"start":{"line":18,"column":6},"end":{"line":18,"column":94}},{"start":{"line":18,"column":6},"end":{"line":18,"column":94}}],"line":18},"9":{"loc":{"start":{"line":18,"column":10},"end":{"line":18,"column":49}},"type":"binary-expr","locations":[{"start":{"line":18,"column":10},"end":{"line":18,"column":28}},{"start":{"line":18,"column":32},"end":{"line":18,"column":49}}],"line":18}},"s":{"0":1,"1":2,"2":1,"3":1,"4":1,"5":1,"6":1,"7":1,"8":1,"9":1,"10":5,"11":1,"12":4,"13":1,"14":3,"15":2,"16":1,"17":1,"18":0,"19":1},"f":{"0":2,"1":1,"2":1,"3":5},"b":{"0":[0],"1":[0],"2":[1,4],"3":[5,4,2],"4":[1,3],"5":[4,3,1],"6":[2,1],"7":[3,2],"8":[1,0],"9":[1,1]},"_coverageSchema":"43e27e138ebf9cfc5966b082cf9a028302ed4184","hash":"e903f6a4bd42e8a1abd78becd2b1dcd0cc7da77d"}
}
