TN:
SF:/home/aleksandr/WorkFolder/gendiff/src/index.js
FN:5,(anonymous_0)
FN:7,(anonymous_1)
FN:12,(anonymous_2)
FN:14,(anonymous_3)
FNF:4
FNH:4
FNDA:2,(anonymous_0)
FNDA:1,(anonymous_1)
FNDA:1,(anonymous_2)
FNDA:5,(anonymous_3)
DA:5,2
DA:7,1
DA:8,1
DA:9,1
DA:10,1
DA:11,1
DA:12,1
DA:13,1
DA:14,1
DA:15,5
DA:16,4
DA:17,3
DA:18,1
DA:19,0
DA:22,1
LF:15
LH:14
BRDA:12,0,0,0
BRDA:12,1,0,0
BRDA:15,2,0,1
BRDA:15,2,1,4
BRDA:15,3,0,5
BRDA:15,3,1,4
BRDA:15,3,2,2
BRDA:16,4,0,1
BRDA:16,4,1,3
BRDA:16,5,0,4
BRDA:16,5,1,3
BRDA:16,5,2,1
BRDA:17,6,0,2
BRDA:17,6,1,1
BRDA:17,7,0,3
BRDA:17,7,1,2
BRDA:18,8,0,1
BRDA:18,8,1,0
BRDA:18,9,0,1
BRDA:18,9,1,1
BRF:20
BRH:17
end_of_record
